2020-01-09 16:43:42.946 build: main.go
2020-01-09 16:43:44.085 build error: 
# gadmin/router
router/router.go:12:13: not enough arguments in call to group.POST
	have (string)
	want (string, interface {}, ...interface {})
exit status 2
2020-01-09 16:44:03.485 "/Users/zhouyao/web/GoProject/gadmin/router/router.go": CHMOD
2020-01-09 16:44:03.486 "/Users/zhouyao/web/GoProject/gadmin/router/router.go": WRITE
2020-01-09 16:44:03.559 "/Users/zhouyao/web/GoProject/gadmin/router/router.go": CHMOD
2020-01-09 16:44:03.559 "/Users/zhouyao/web/GoProject/gadmin/router/router.go": WRITE
2020-01-09 16:44:04.469 build: main.go
2020-01-09 16:44:04.863 build error: 
build command-line-arguments: cannot load goframe/library/base: malformed module path "goframe/library/base": missing dot in first path element
exit status 1
2020-01-09 16:44:04.884 "/Users/zhouyao/web/GoProject/gadmin/router/router.go": CHMOD
2020-01-09 16:44:05.870 build: main.go
2020-01-09 16:44:06.256 build error: 
build command-line-arguments: cannot load goframe/library/base: malformed module path "goframe/library/base": missing dot in first path element
exit status 1
2020-01-09 16:45:50.524 "/Users/zhouyao/web/GoProject/gadmin/library/response/response.go": CHMOD
2020-01-09 16:45:50.524 "/Users/zhouyao/web/GoProject/gadmin/library/response/response.go": WRITE
2020-01-09 16:45:51.515 build: main.go
2020-01-09 16:45:52.044 build error: 
build command-line-arguments: cannot load goframe/library/base: malformed module path "goframe/library/base": missing dot in first path element
exit status 1
2020-01-09 16:45:52.062 "/Users/zhouyao/web/GoProject/gadmin/library/response/response.go": CHMOD
2020-01-09 16:45:53.013 build: main.go
2020-01-09 16:45:53.449 build error: 
build command-line-arguments: cannot load goframe/library/base: malformed module path "goframe/library/base": missing dot in first path element
exit status 1
2020-01-09 16:46:31.830 build: main.go
2020-01-09 16:46:32.315 build error: 
build command-line-arguments: cannot load goframe/library/base: malformed module path "goframe/library/base": missing dot in first path element
exit status 1
2020-01-09 16:48:29.185 build: main.go
2020-01-09 16:48:31.575 build running pid: 10634
2020-01-09 16:49:47.687 build: main.go
2020-01-09 16:49:48.261 build running pid: 10668
2020-01-09 16:54:03.083 "/Users/zhouyao/web/GoProject/gadmin/router/router.go": CHMOD
2020-01-09 16:54:03.083 "/Users/zhouyao/web/GoProject/gadmin/router/router.go": WRITE
2020-01-09 16:54:04.064 build: main.go
2020-01-09 16:54:04.878 build error: 
# gadmin/router
router/router.go:15:53: cannot use login.GfJWTMiddleware.RefreshHandler (type func(*ghttp.Request)) as type func(*ghttp.RouterGroup) in argument to group.Group
exit status 2
2020-01-09 16:54:04.896 "/Users/zhouyao/web/GoProject/gadmin/router/router.go": CHMOD
2020-01-09 16:54:05.866 build: main.go
2020-01-09 16:54:06.454 build error: 
# gadmin/router
router/router.go:15:53: cannot use login.GfJWTMiddleware.RefreshHandler (type func(*ghttp.Request)) as type func(*ghttp.RouterGroup) in argument to group.Group
exit status 2
2020-01-09 16:55:20.650 "/Users/zhouyao/web/GoProject/gadmin/router/router.go": CHMOD
2020-01-09 16:55:20.651 "/Users/zhouyao/web/GoProject/gadmin/router/router.go": WRITE
2020-01-09 16:55:21.614 build: main.go
2020-01-09 16:55:22.841 "/Users/zhouyao/web/GoProject/gadmin/router/router.go": CHMOD
2020-01-09 16:55:23.746 build running pid: 10797
2020-01-09 16:56:05.850 "/Users/zhouyao/web/GoProject/gadmin/router/router.go": CHMOD
2020-01-09 16:56:05.850 "/Users/zhouyao/web/GoProject/gadmin/router/router.go": WRITE
2020-01-09 16:56:06.813 build: main.go
2020-01-09 16:56:07.388 "/Users/zhouyao/web/GoProject/gadmin/router/router.go": CHMOD
2020-01-09 16:56:09.023 build running pid: 10841
2020-01-09 16:58:36.567 "/Users/zhouyao/web/GoProject/gadmin/app/middleware/token/token.go": CREATE
2020-01-09 16:58:36.571 "/Users/zhouyao/web/GoProject/gadmin/app/middleware/token/token.go": CHMOD
2020-01-09 16:58:36.572 "/Users/zhouyao/web/GoProject/gadmin/app/middleware/token/token.go": WRITE
2020-01-09 16:58:36.676 "/Users/zhouyao/web/GoProject/gadmin/router/router.go": CHMOD
2020-01-09 16:58:36.676 "/Users/zhouyao/web/GoProject/gadmin/router/router.go": WRITE
2020-01-09 16:58:37.558 build: main.go
2020-01-09 16:58:38.394 build error: 
# gadmin/router
router/router.go:17:21: undefined: token
exit status 2
2020-01-09 16:58:38.431 "/Users/zhouyao/web/GoProject/gadmin/app/middleware/token/token.go": CHMOD
2020-01-09 16:58:38.433 "/Users/zhouyao/web/GoProject/gadmin/router/router.go": CHMOD
2020-01-09 16:58:39.408 build: main.go
2020-01-09 16:58:40.111 build error: 
# gadmin/router
router/router.go:17:21: undefined: token
exit status 2
2020-01-09 16:59:20.610 "/Users/zhouyao/web/GoProject/gadmin/app/middleware/token/token.go": CHMOD
2020-01-09 16:59:20.611 "/Users/zhouyao/web/GoProject/gadmin/app/middleware/token/token.go": WRITE
2020-01-09 16:59:20.615 "/Users/zhouyao/web/GoProject/gadmin/router/router.go": CHMOD
2020-01-09 16:59:20.615 "/Users/zhouyao/web/GoProject/gadmin/router/router.go": WRITE
2020-01-09 16:59:21.606 build: main.go
2020-01-09 16:59:22.425 build error: 
# gadmin/router
router/router.go:17:21: undefined: token
exit status 2
2020-01-09 16:59:22.449 "/Users/zhouyao/web/GoProject/gadmin/app/middleware/token/token.go": CHMOD
2020-01-09 16:59:22.450 "/Users/zhouyao/web/GoProject/gadmin/router/router.go": CHMOD
2020-01-09 16:59:23.405 build: main.go
2020-01-09 16:59:24.072 build error: 
# gadmin/router
router/router.go:17:21: undefined: token
exit status 2
2020-01-09 16:59:37.152 "/Users/zhouyao/web/GoProject/gadmin/app/middleware/token/token.go": CHMOD
2020-01-09 16:59:37.152 "/Users/zhouyao/web/GoProject/gadmin/app/middleware/token/token.go": WRITE
2020-01-09 16:59:37.215 "/Users/zhouyao/web/GoProject/gadmin/app/middleware/token/token.go": CHMOD
2020-01-09 16:59:37.215 "/Users/zhouyao/web/GoProject/gadmin/app/middleware/token/token.go": WRITE
2020-01-09 16:59:38.155 build: main.go
2020-01-09 16:59:38.596 "/Users/zhouyao/web/GoProject/gadmin/app/middleware/token/token.go": CHMOD
2020-01-09 16:59:38.904 build error: 
# gadmin/router
router/router.go:17:21: undefined: token
exit status 2
2020-01-09 16:59:53.254 "/Users/zhouyao/web/GoProject/gadmin/app/middleware/token/token.go": CHMOD
2020-01-09 16:59:53.254 "/Users/zhouyao/web/GoProject/gadmin/app/middleware/token/token.go": WRITE
2020-01-09 16:59:54.255 build: main.go
2020-01-09 16:59:55.142 build error: 
# gadmin/router
router/router.go:17:21: undefined: token
exit status 2
2020-01-09 16:59:55.177 "/Users/zhouyao/web/GoProject/gadmin/app/middleware/token/token.go": CHMOD
2020-01-09 16:59:56.154 build: main.go
2020-01-09 16:59:56.746 build error: 
# gadmin/router
router/router.go:17:21: undefined: token
exit status 2
2020-01-09 17:02:18.701 "/Users/zhouyao/web/GoProject/gadmin/app/middleware/token/token.go": CHMOD
2020-01-09 17:02:18.701 "/Users/zhouyao/web/GoProject/gadmin/app/middleware/token/token.go": WRITE
2020-01-09 17:02:18.705 "/Users/zhouyao/web/GoProject/gadmin/router/router.go": CHMOD
2020-01-09 17:02:18.706 "/Users/zhouyao/web/GoProject/gadmin/router/router.go": WRITE
2020-01-09 17:02:19.555 "/Users/zhouyao/web/GoProject/gadmin/app/middleware/token/token.go": CHMOD
2020-01-09 17:02:19.555 "/Users/zhouyao/web/GoProject/gadmin/app/middleware/token/token.go": WRITE
2020-01-09 17:02:19.700 build: main.go
2020-01-09 17:02:20.003 "/Users/zhouyao/web/GoProject/gadmin/router/router.go": CHMOD
2020-01-09 17:02:21.296 "/Users/zhouyao/web/GoProject/gadmin/app/middleware/token/token.go": CHMOD
2020-01-09 17:02:22.028 build running pid: 11104
2020-01-09 17:05:26.042 "/Users/zhouyao/web/GoProject/gadmin/app/api/admin/login/login.go": CHMOD
2020-01-09 17:05:26.042 "/Users/zhouyao/web/GoProject/gadmin/app/middleware/token/token.go": CHMOD
2020-01-09 17:05:26.042 "/Users/zhouyao/web/GoProject/gadmin/app/model/users/users.go": CHMOD
2020-01-09 17:05:26.042 "/Users/zhouyao/web/GoProject/gadmin/app/model/users/users_entity.go": CHMOD
2020-01-09 17:05:26.042 "/Users/zhouyao/web/GoProject/gadmin/app/model/users/users_model.go": CHMOD
2020-01-09 17:05:26.043 "/Users/zhouyao/web/GoProject/gadmin/boot/boot.go": CHMOD
2020-01-09 17:05:26.043 "/Users/zhouyao/web/GoProject/gadmin/library/base/baseRouter.go": CHMOD
2020-01-09 17:05:26.044 "/Users/zhouyao/web/GoProject/gadmin/library/helper/helper.go": CHMOD
2020-01-09 17:05:26.044 "/Users/zhouyao/web/GoProject/gadmin/library/input/param.go": CHMOD
2020-01-09 17:05:26.044 "/Users/zhouyao/web/GoProject/gadmin/library/redis/redis.go": CHMOD
2020-01-09 17:05:26.044 "/Users/zhouyao/web/GoProject/gadmin/library/response/response.go": CHMOD
2020-01-09 17:05:26.044 "/Users/zhouyao/web/GoProject/gadmin/main.go": CHMOD
2020-01-09 17:05:26.044 "/Users/zhouyao/web/GoProject/gadmin/router/router.go": CHMOD
2020-01-09 17:05:26.993 build: main.go
2020-01-09 17:05:27.778 build running pid: 11307
