
  SERVER  | DOMAIN  | ADDRESS | METHOD |         ROUTE         |                          HANDLER                          | MIDDLEWARE  
|---------|---------|---------|--------|-----------------------|-----------------------------------------------------------|------------|
  default | default | :8199   | POST   | /v1/admin/loginSubmit | github.com/gogf/gf-jwt.(*GfJWTMiddleware).LoginHandler-fm |             
|---------|---------|---------|--------|-----------------------|-----------------------------------------------------------|------------|


  SERVER  | DOMAIN  | ADDRESS | METHOD |         ROUTE         |                           HANDLER                           | MIDDLEWARE  
|---------|---------|---------|--------|-----------------------|-------------------------------------------------------------|------------|
  default | default | :8199   | POST   | /v1/admin/loginSubmit | github.com/gogf/gf-jwt.(*GfJWTMiddleware).LoginHandler-fm   |             
|---------|---------|---------|--------|-----------------------|-------------------------------------------------------------|------------|
  default | default | :8199   | GET    | /v1/admin/refresh     | github.com/gogf/gf-jwt.(*GfJWTMiddleware).RefreshHandler-fm |             
|---------|---------|---------|--------|-----------------------|-------------------------------------------------------------|------------|


  SERVER  | DOMAIN  | ADDRESS | METHOD |         ROUTE         |                           HANDLER                           | MIDDLEWARE  
|---------|---------|---------|--------|-----------------------|-------------------------------------------------------------|------------|
  default | default | :8199   | POST   | /v1/admin/loginSubmit | github.com/gogf/gf-jwt.(*GfJWTMiddleware).LoginHandler-fm   |             
|---------|---------|---------|--------|-----------------------|-------------------------------------------------------------|------------|
  default | default | :8199   | GET    | /v1/admin/refresh     | github.com/gogf/gf-jwt.(*GfJWTMiddleware).RefreshHandler-fm |             
|---------|---------|---------|--------|-----------------------|-------------------------------------------------------------|------------|
  default | default | :8199   | GET    | /v1/admin/user        | gadmin/router.init.0.func1.1.1                              |             
|---------|---------|---------|--------|-----------------------|-------------------------------------------------------------|------------|


  SERVER  | DOMAIN  | ADDRESS | METHOD |         ROUTE         |                           HANDLER                           |   MIDDLEWARE     
|---------|---------|---------|--------|-----------------------|-------------------------------------------------------------|-----------------|
  default | default | :8199   | POST   | /v1/admin/loginSubmit | github.com/gogf/gf-jwt.(*GfJWTMiddleware).LoginHandler-fm   |                  
|---------|---------|---------|--------|-----------------------|-------------------------------------------------------------|-----------------|
  default | default | :8199   | GET    | /v1/admin/refresh     | github.com/gogf/gf-jwt.(*GfJWTMiddleware).RefreshHandler-fm | token.Validator  
|---------|---------|---------|--------|-----------------------|-------------------------------------------------------------|-----------------|
  default | default | :8199   | GET    | /v1/admin/user        | gadmin/router.init.0.func1.1.1                              | token.Validator  
|---------|---------|---------|--------|-----------------------|-------------------------------------------------------------|-----------------|

